<?xml version="1.0" encoding="UTF-8"?>
<testsuite name="com.tedneward.example.TestPerson" tests="8" skipped="0" failures="0" errors="0" timestamp="2015-04-06T23:12:55" hostname="D-69-91-152-123.dhcp4.washington.edu" time="0.01">
  <properties/>
  <testcase name="exerciseTheBasics" classname="com.tedneward.example.TestPerson" time="0.004"/>
  <testcase name="setAgeToBeNegative" classname="com.tedneward.example.TestPerson" time="0.001"/>
  <testcase name="setNameToNull" classname="com.tedneward.example.TestPerson" time="0.001"/>
  <testcase name="viewReadabletoString" classname="com.tedneward.example.TestPerson" time="0.0"/>
  <testcase name="exercisePesonEquals" classname="com.tedneward.example.TestPerson" time="0.001"/>
  <testcase name="useAgeComparator" classname="com.tedneward.example.TestPerson" time="0.001"/>
  <testcase name="useNaturalComparison" classname="com.tedneward.example.TestPerson" time="0.0"/>
  <testcase name="catchPropertyChange" classname="com.tedneward.example.TestPerson" time="0.001"/>
  <system-out><![CDATA[]]></system-out>
  <system-err><![CDATA[]]></system-err>
</testsuite>
